
Circuit 1 cell sky130_fd_pr__nfet_01v8_lvt and Circuit 2 cell sky130_fd_pr__nfet_01v8_lvt are black boxes.
Warning: Equate pins:  cell sky130_fd_pr__nfet_01v8_lvt is a placeholder, treated as a black box.
Warning: Equate pins:  cell sky130_fd_pr__nfet_01v8_lvt is a placeholder, treated as a black box.

Subcircuit pins:
Circuit 1: sky130_fd_pr__nfet_01v8_lvt     |Circuit 2: sky130_fd_pr__nfet_01v8_lvt     
-------------------------------------------|-------------------------------------------
1                                          |1                                          
2                                          |2                                          
3                                          |3                                          
4                                          |4                                          
---------------------------------------------------------------------------------------
Cell pin lists are equivalent.
Device classes sky130_fd_pr__nfet_01v8_lvt and sky130_fd_pr__nfet_01v8_lvt are equivalent.

Circuit 1 cell sky130_fd_pr__pfet_01v8 and Circuit 2 cell sky130_fd_pr__pfet_01v8 are black boxes.
Warning: Equate pins:  cell sky130_fd_pr__pfet_01v8 is a placeholder, treated as a black box.
Warning: Equate pins:  cell sky130_fd_pr__pfet_01v8 is a placeholder, treated as a black box.

Subcircuit pins:
Circuit 1: sky130_fd_pr__pfet_01v8         |Circuit 2: sky130_fd_pr__pfet_01v8         
-------------------------------------------|-------------------------------------------
1                                          |1                                          
2                                          |2                                          
3                                          |3                                          
4                                          |4                                          
---------------------------------------------------------------------------------------
Cell pin lists are equivalent.
Device classes sky130_fd_pr__pfet_01v8 and sky130_fd_pr__pfet_01v8 are equivalent.

Circuit 1 cell sky130_fd_pr__cap_mim_m3_1 and Circuit 2 cell sky130_fd_pr__cap_mim_m3_1 are black boxes.
Warning: Equate pins:  cell sky130_fd_pr__cap_mim_m3_1 is a placeholder, treated as a black box.
Warning: Equate pins:  cell sky130_fd_pr__cap_mim_m3_1 is a placeholder, treated as a black box.

Subcircuit pins:
Circuit 1: sky130_fd_pr__cap_mim_m3_1      |Circuit 2: sky130_fd_pr__cap_mim_m3_1      
-------------------------------------------|-------------------------------------------
1                                          |1                                          
2                                          |2                                          
---------------------------------------------------------------------------------------
Cell pin lists are equivalent.
Device classes sky130_fd_pr__cap_mim_m3_1 and sky130_fd_pr__cap_mim_m3_1 are equivalent.

Circuit 1 cell sky130_fd_pr__res_xhigh_po_1p41 and Circuit 2 cell sky130_fd_pr__res_xhigh_po_1p41 are black boxes.
Warning: Equate pins:  cell sky130_fd_pr__res_xhigh_po_1p41 is a placeholder, treated as a black box.
Warning: Equate pins:  cell sky130_fd_pr__res_xhigh_po_1p41 is a placeholder, treated as a black box.

Subcircuit pins:
Circuit 1: sky130_fd_pr__res_xhigh_po_1p41 |Circuit 2: sky130_fd_pr__res_xhigh_po_1p41 
-------------------------------------------|-------------------------------------------
1                                          |1                                          
2                                          |2                                          
3                                          |3                                          
---------------------------------------------------------------------------------------
Cell pin lists are equivalent.
Device classes sky130_fd_pr__res_xhigh_po_1p41 and sky130_fd_pr__res_xhigh_po_1p41 are equivalent.

Removing zero-valued device vsrc from cell two_stage_op_amp_lvs (1) makes a better match
Making another compare attempt.

Class two_stage_op_amp (0):  Merged 134 parallel devices.
Class two_stage_op_amp_lvs (1):  Merged 134 parallel devices.
Subcircuit summary:
Circuit 1: two_stage_op_amp                |Circuit 2: two_stage_op_amp_lvs            
-------------------------------------------|-------------------------------------------
sky130_fd_pr__nfet_01v8_lvt (106->15)      |sky130_fd_pr__nfet_01v8_lvt (106->15)      
sky130_fd_pr__pfet_01v8 (48->5)            |sky130_fd_pr__pfet_01v8 (48->5)            
sky130_fd_pr__cap_mim_m3_1 (1)             |sky130_fd_pr__cap_mim_m3_1 (1)             
sky130_fd_pr__res_xhigh_po_1p41 (1)        |sky130_fd_pr__res_xhigh_po_1p41 (1)        
(no matching element)                      |vsrc (4)                                   
(no matching element)                      |isrc (1)                                   
Number of devices: 22 **Mismatch**         |Number of devices: 27 **Mismatch**         
Number of nets: 14                         |Number of nets: 14                         
---------------------------------------------------------------------------------------
NET mismatches: Class fragments follow (with fanout counts):
Circuit 1: two_stage_op_amp                |Circuit 2: two_stage_op_amp_lvs            

---------------------------------------------------------------------------------------
Net: EN                                    |Net: net4                                  
  sky130_fd_pr__nfet_01v8_lvt/2 = 3        |  sky130_fd_pr__nfet_01v8_lvt/(1|3) = 2    
                                           |                                           
Net: VN                                    |Net: VN                                    
  sky130_fd_pr__nfet_01v8_lvt/2 = 1        |  sky130_fd_pr__nfet_01v8_lvt/2 = 1        
                                           |  vsrc/pos = 1                             
                                           |                                           
Net: VP                                    |Net: VP                                    
  sky130_fd_pr__nfet_01v8_lvt/2 = 1        |  sky130_fd_pr__nfet_01v8_lvt/2 = 1        
                                           |  vsrc/pos = 1                             
                                           |                                           
Net: VOUT                                  |Net: VOUT                                  
  sky130_fd_pr__pfet_01v8/(1|3) = 3        |  sky130_fd_pr__pfet_01v8/(1|3) = 3        
  sky130_fd_pr__pfet_01v8/2 = 1            |  sky130_fd_pr__pfet_01v8/2 = 1            
  sky130_fd_pr__nfet_01v8_lvt/(1|3) = 1    |  sky130_fd_pr__nfet_01v8_lvt/(1|3) = 3    
  sky130_fd_pr__cap_mim_m3_1/2 = 1         |  sky130_fd_pr__cap_mim_m3_1/2 = 1         
                                           |  sky130_fd_pr__nfet_01v8_lvt/2 = 1        
                                           |                                           
Net: VSS                                   |Net: VSS                                   
  sky130_fd_pr__nfet_01v8_lvt/(1|3) = 6    |  sky130_fd_pr__nfet_01v8_lvt/(1|3) = 6    
  sky130_fd_pr__nfet_01v8_lvt/4 = 15       |  sky130_fd_pr__nfet_01v8_lvt/4 = 15       
  sky130_fd_pr__nfet_01v8_lvt/2 = 2        |  sky130_fd_pr__nfet_01v8_lvt/2 = 2        
  sky130_fd_pr__res_xhigh_po_1p41/3 = 1    |  sky130_fd_pr__res_xhigh_po_1p41/3 = 1    
                                           |  vsrc/neg = 4                             
                                           |                                           
Net: VDD                                   |Net: VDD                                   
  sky130_fd_pr__pfet_01v8/(1|3) = 5        |  sky130_fd_pr__pfet_01v8/(1|3) = 5        
  sky130_fd_pr__pfet_01v8/4 = 5            |  sky130_fd_pr__pfet_01v8/4 = 5            
  sky130_fd_pr__pfet_01v8/2 = 1            |  sky130_fd_pr__pfet_01v8/2 = 1            
                                           |  vsrc/pos = 1                             
                                           |  isrc/pos = 1                             
---------------------------------------------------------------------------------------

---------------------------------------------------------------------------------------
Net: a_6105_7756#                          |Net: Vz                                    
  sky130_fd_pr__nfet_01v8_lvt/(1|3) = 6    |  sky130_fd_pr__nfet_01v8_lvt/(1|3) = 6    
  sky130_fd_pr__nfet_01v8_lvt/2 = 1        |  sky130_fd_pr__nfet_01v8_lvt/2 = 1        
---------------------------------------------------------------------------------------

---------------------------------------------------------------------------------------
Net: IBIAS                                 |Net: EN                                    
  sky130_fd_pr__nfet_01v8_lvt/(1|3) = 3    |  vsrc/pos = 1                             
  sky130_fd_pr__nfet_01v8_lvt/2 = 1        |  sky130_fd_pr__nfet_01v8_lvt/2 = 3        
---------------------------------------------------------------------------------------

---------------------------------------------------------------------------------------
Net: a_4943_7756#                          |Net: net2                                  
  sky130_fd_pr__nfet_01v8_lvt/2 = 4        |  sky130_fd_pr__nfet_01v8_lvt/2 = 4        
  sky130_fd_pr__nfet_01v8_lvt/(1|3) = 4    |  sky130_fd_pr__nfet_01v8_lvt/(1|3) = 4    
---------------------------------------------------------------------------------------

---------------------------------------------------------------------------------------
Net: a_6423_5719#                          |Net: net3                                  
  sky130_fd_pr__nfet_01v8_lvt/(1|3) = 4    |  sky130_fd_pr__nfet_01v8_lvt/(1|3) = 4    
  sky130_fd_pr__nfet_01v8_lvt/2 = 1        |  sky130_fd_pr__nfet_01v8_lvt/2 = 1        
                                           |                                           
Net: a_6681_4767#                          |Net: IBIAS                                 
  sky130_fd_pr__nfet_01v8_lvt/(1|3) = 4    |  sky130_fd_pr__nfet_01v8_lvt/(1|3) = 3    
  sky130_fd_pr__nfet_01v8_lvt/2 = 1        |  sky130_fd_pr__nfet_01v8_lvt/2 = 1        
                                           |  isrc/neg = 1                             
---------------------------------------------------------------------------------------
DEVICE mismatches: Class fragments follow (with node fanout counts):
Circuit 1: two_stage_op_amp                |Circuit 2: two_stage_op_amp_lvs            

---------------------------------------------------------------------------------------
(no matching instance)                     |Instance:                                  
                                           |  /pos = 13                                
                                           |  /neg = 28                                
                                           |                                           
(no matching instance)                     |Instance:                                  
                                           |  /pos = 2                                 
                                           |  /neg = 28                                
                                           |                                           
(no matching instance)                     |Instance:                                  
                                           |  /pos = 2                                 
                                           |  /neg = 28                                
                                           |                                           
(no matching instance)                     |Instance:                                  
                                           |  /pos = 4                                 
                                           |  /neg = 28                                
                                           |                                           
(no matching instance)                     |Instance:                                  
                                           |  /pos = 13                                
                                           |  /neg = 5                                 
---------------------------------------------------------------------------------------

---------------------------------------------------------------------------------------
Instance: sky130_fd_pr__nfet_01v8_lvt:2    |Instance: sky130_fd_pr__nfet_01v8_lvt:M32  
  (1,3) = (24,24)                          |  (1,3) = (28,2)                           
  2 = 24                                   |  2 = 8                                    
  4 = 24                                   |  4 = 28                                   
                                           |                                           
Instance: sky130_fd_pr__nfet_01v8_lvt:22   |Instance: sky130_fd_pr__nfet_01v8_lvt:M30  
  (1,3) = (24,5)                           |  (1,3) = (28,28)                          
  2 = 8                                    |  2 = 28                                   
  4 = 24                                   |  4 = 28                                   
                                           |                                           
Instance: sky130_fd_pr__nfet_01v8_lvt:0    |Instance: sky130_fd_pr__nfet_01v8_lvt:M14  
  (1,3) = (24,5)                           |  (1,3) = (9,9)                            
  2 = 8                                    |  2 = 9                                    
  4 = 24                                   |  4 = 28                                   
                                           |                                           
Instance: sky130_fd_pr__nfet_01v8_lvt:141  |Instance: sky130_fd_pr__nfet_01v8_lvt:M18  
  (1,3) = (7,5)                            |  (1,3) = (28,5)                           
  2 = 3                                    |  2 = 8                                    
  4 = 24                                   |  4 = 28                                   
                                           |                                           
Instance: sky130_fd_pr__nfet_01v8_lvt:83   |Instance: sky130_fd_pr__nfet_01v8_lvt:M13  
  (1,3) = (8,4)                            |  (1,3) = (9,2)                            
  2 = 3                                    |  2 = 4                                    
  4 = 24                                   |  4 = 28                                   
                                           |                                           
Instance: sky130_fd_pr__nfet_01v8_lvt:81   |Instance: sky130_fd_pr__nfet_01v8_lvt:M10  
  (1,3) = (4,4)                            |  (1,3) = (7,5)                            
  2 = 4                                    |  2 = 4                                    
  4 = 24                                   |  4 = 28                                   
                                           |                                           
Instance: sky130_fd_pr__nfet_01v8_lvt:36   |Instance: sky130_fd_pr__nfet_01v8_lvt:M6   
  (1,3) = (6,5)                            |  (1,3) = (8,5)                            
  2 = 3                                    |  2 = 4                                    
  4 = 24                                   |  4 = 28                                   
---------------------------------------------------------------------------------------
Netlists do not match.
Port matching may fail to disambiguate symmetries.

Subcircuit pins:
Circuit 1: two_stage_op_amp                |Circuit 2: two_stage_op_amp_lvs            
-------------------------------------------|-------------------------------------------
VSS                                        |(no pin, node is net4)                     
VDD                                        |VN **Mismatch**                            
VOUT                                       |VP **Mismatch**                            
VN                                         |VOUT **Mismatch**                          
VP                                         |VSS **Mismatch**                           
EN                                         |VDD **Mismatch**                           
IBIAS                                      |EN **Mismatch**                            
(no pin, node is a_6681_4767#)             |IBIAS                                      
---------------------------------------------------------------------------------------
Cell pin lists for two_stage_op_amp and two_stage_op_amp_lvs altered to match.
Device classes two_stage_op_amp and two_stage_op_amp_lvs are equivalent.

Final result: Top level cell failed pin matching.
